[0623/123706:ERROR:process_info.cc(608)] range at 0xfffde000, size 0x230 fully unreadable
[0623/123706:ERROR:process_reader_win.cc(113)] NtOpenThread: {Access Denied} A process has requested access to an object, but has not been granted those access rights.  (0xc0000022)
[0623/123706:ERROR:exception_snapshot_win.cc(57)] thread ID 10788 not found in process
[0623/123706:WARNING:crash_report_exception_handler.cc(60)] ProcessSnapshotWin::InitializeException failed
[0623/130005:ERROR:process_info.cc(608)] range at 0xfffde000, size 0x230 fully unreadable
[0623/130005:ERROR:process_reader_win.cc(141)] SuspendThread: Access is denied. (0x5)
[0623/130005:ERROR:process_reader_win.cc(113)] NtOpenThread: {Access Denied} A process has requested access to an object, but has not been granted those access rights.  (0xc0000022)
[0623/130005:ERROR:exception_snapshot_win.cc(57)] thread ID 10132 not found in process
[0623/130005:WARNING:crash_report_exception_handler.cc(60)] ProcessSnapshotWin::InitializeException failed
[0623/153100:ERROR:process_info.cc(608)] range at 0xfffde000, size 0x230 fully unreadable
[0623/153100:ERROR:process_reader_win.cc(113)] NtOpenThread: {Access Denied} A process has requested access to an object, but has not been granted those access rights.  (0xc0000022)
[0623/153100:ERROR:exception_snapshot_win.cc(57)] thread ID 13292 not found in process
[0623/153100:WARNING:crash_report_exception_handler.cc(60)] ProcessSnapshotWin::InitializeException failed
[0623/153340:ERROR:process_info.cc(608)] range at 0xfffde000, size 0x230 fully unreadable
[0623/153340:ERROR:process_reader_win.cc(113)] NtOpenThread: {Access Denied} A process has requested access to an object, but has not been granted those access rights.  (0xc0000022)
[0623/153340:ERROR:exception_snapshot_win.cc(57)] thread ID 12660 not found in process
[0623/153340:WARNING:crash_report_exception_handler.cc(60)] ProcessSnapshotWin::InitializeException failed
[0623/153557:ERROR:process_info.cc(608)] range at 0xfffde000, size 0x230 fully unreadable
[0623/153558:ERROR:process_reader_win.cc(113)] NtOpenThread: {Access Denied} A process has requested access to an object, but has not been granted those access rights.  (0xc0000022)
[0623/153558:ERROR:exception_snapshot_win.cc(57)] thread ID 13760 not found in process
[0623/153558:WARNING:crash_report_exception_handler.cc(60)] ProcessSnapshotWin::InitializeException failed
[0623/153834:ERROR:process_info.cc(608)] range at 0xfffde000, size 0x230 fully unreadable
[0623/153834:ERROR:process_reader_win.cc(113)] NtOpenThread: {Access Denied} A process has requested access to an object, but has not been granted those access rights.  (0xc0000022)
[0623/153834:ERROR:exception_snapshot_win.cc(57)] thread ID 14152 not found in process
[0623/153834:WARNING:crash_report_exception_handler.cc(60)] ProcessSnapshotWin::InitializeException failed
[0623/153953:ERROR:process_info.cc(608)] range at 0xfffde000, size 0x230 fully unreadable
[0623/153953:ERROR:process_reader_win.cc(113)] NtOpenThread: {Access Denied} A process has requested access to an object, but has not been granted those access rights.  (0xc0000022)
[0623/153953:ERROR:exception_snapshot_win.cc(57)] thread ID 10400 not found in process
[0623/153953:WARNING:crash_report_exception_handler.cc(60)] ProcessSnapshotWin::InitializeException failed
[0623/154257:ERROR:process_info.cc(608)] range at 0xfffde000, size 0x230 fully unreadable
[0623/154257:ERROR:process_reader_win.cc(141)] SuspendThread: Access is denied. (0x5)
[0623/154257:ERROR:process_reader_win.cc(113)] NtOpenThread: {Access Denied} A process has requested access to an object, but has not been granted those access rights.  (0xc0000022)
[0623/154257:ERROR:exception_snapshot_win.cc(57)] thread ID 14180 not found in process
[0623/154257:WARNING:crash_report_exception_handler.cc(60)] ProcessSnapshotWin::InitializeException failed
[0623/154513:ERROR:process_info.cc(608)] range at 0xfffde000, size 0x230 fully unreadable
[0623/154513:ERROR:process_reader_win.cc(113)] NtOpenThread: {Access Denied} A process has requested access to an object, but has not been granted those access rights.  (0xc0000022)
[0623/154513:ERROR:exception_snapshot_win.cc(57)] thread ID 13952 not found in process
[0623/154513:WARNING:crash_report_exception_handler.cc(60)] ProcessSnapshotWin::InitializeException failed
[0623/155255:ERROR:process_info.cc(608)] range at 0xfffde000, size 0x230 fully unreadable
[0623/155255:ERROR:process_reader_win.cc(113)] NtOpenThread: {Access Denied} A process has requested access to an object, but has not been granted those access rights.  (0xc0000022)
[0623/155255:ERROR:exception_snapshot_win.cc(57)] thread ID 10244 not found in process
[0623/155255:WARNING:crash_report_exception_handler.cc(60)] ProcessSnapshotWin::InitializeException failed
[0623/155750:ERROR:process_info.cc(608)] range at 0xfffde000, size 0x230 fully unreadable
[0623/155750:ERROR:process_reader_win.cc(141)] SuspendThread: Access is denied. (0x5)
[0623/155750:ERROR:process_reader_win.cc(141)] SuspendThread: Access is denied. (0x5)
[0623/155750:ERROR:process_reader_win.cc(113)] NtOpenThread: {Access Denied} A process has requested access to an object, but has not been granted those access rights.  (0xc0000022)
[0623/155750:ERROR:exception_snapshot_win.cc(57)] thread ID 15080 not found in process
[0623/155750:WARNING:crash_report_exception_handler.cc(60)] ProcessSnapshotWin::InitializeException failed
[0623/161635:ERROR:process_info.cc(608)] range at 0xfffde000, size 0x230 fully unreadable
[0623/161635:ERROR:process_reader_win.cc(113)] NtOpenThread: {Access Denied} A process has requested access to an object, but has not been granted those access rights.  (0xc0000022)
[0623/161635:ERROR:exception_snapshot_win.cc(57)] thread ID 14132 not found in process
[0623/161635:WARNING:crash_report_exception_handler.cc(60)] ProcessSnapshotWin::InitializeException failed
[0623/163100:ERROR:process_info.cc(608)] range at 0xfffde000, size 0x230 fully unreadable
[0623/163100:ERROR:process_reader_win.cc(113)] NtOpenThread: {Access Denied} A process has requested access to an object, but has not been granted those access rights.  (0xc0000022)
[0623/163100:ERROR:exception_snapshot_win.cc(57)] thread ID 15296 not found in process
[0623/163100:WARNING:crash_report_exception_handler.cc(60)] ProcessSnapshotWin::InitializeException failed
